<?xml version="1.0" encoding="UTF-8"?>
<testsuite xmlns:xsi="http://www.w3.org/2001/XMLSchema-instance" xsi:noNamespaceSchemaLocation="https://maven.apache.org/surefire/maven-surefire-plugin/xsd/surefire-test-report-3.0.xsd" version="3.0" name="TestSuite" time="25.95" tests="19" errors="0" skipped="0" failures="0">
  <properties>
[...]
</properties>
  <testcase name="addPetTest" classname="pets.PetsTest" time="2.448">
    <system-out><![CDATA[HTTP/1.1 200 OK
Date: Thu, 29 Feb 2024 10:50:53 GMT
Content-Type: application/json
Transfer-Encoding: chunked
Connection: keep-alive
Access-Control-Allow-Origin: *
Access-Control-Allow-Methods: GET, POST, DELETE, PUT
Access-Control-Allow-Headers: Content-Type, api_key, Authorization
Server: Jetty(9.2.9.v20150224)

{
    "id": 1593368350,
    "category": {
        "id": 1593368350,
        "name": "Denae"
    },
    "name": "Kim",
    "photoUrls": [
        "https://www.google.com/search?q=dog+photo&oq=dog+pho&gs_lcrp=EgZjaHJvbWUqCggAEAAYsQMYgAQyCggAEAAYsQMYgAQyBggBEEUYOTIHCAIQABiABDIHCAMQABiABDIHCAQQABiABDIHCAUQABiABDIHCAYQABiABDIKCAcQABixAxiABDIHCAgQABiABDIHCAkQABiABNIBCDU3OTVqMGo3qAIAsAIA&sourceid=chrome&ie=UTF-8#vhid=hluxPG6aiVLRrM&vssid=l"
    ],
    "tags": [
        {
            "id": 1593368350,
            "name": "Vonda"
        }
    ],
    "status": "available"
}
================Pets added==================
]]></system-out>
  </testcase>
  <testcase name="uploadPetImageTest" classname="pets.PetsTest" time="1.505">
    <system-out><![CDATA[HTTP/1.1 200 OK
Date: Thu, 29 Feb 2024 10:50:55 GMT
Content-Type: application/json
Transfer-Encoding: chunked
Connection: keep-alive
Access-Control-Allow-Origin: *
Access-Control-Allow-Methods: GET, POST, DELETE, PUT
Access-Control-Allow-Headers: Content-Type, api_key, Authorization
Server: Jetty(9.2.9.v20150224)

{
    "code": 200,
    "type": "unknown",
    "message": "additionalMetadata: upload by : Akash\nFile uploaded to ./731_java.jpg, 38292 bytes"
}
================Pets image uploaded==================
]]></system-out>
  </testcase>
  <testcase name="findPetByStatusTest" classname="pets.PetsTest" time="1.222">
    <system-out><![CDATA[HTTP/1.1 200 OK
Date: Thu, 29 Feb 2024 10:50:56 GMT
Content-Type: application/json
Transfer-Encoding: chunked
Connection: keep-alive
Access-Control-Allow-Origin: *
Access-Control-Allow-Methods: GET, POST, DELETE, PUT
Access-Control-Allow-Headers: Content-Type, api_key, Authorization
Server: Jetty(9.2.9.v20150224)

[
    
]
================Pets found by status==================
]]></system-out>
  </testcase>
  <testcase name="updatePetTest" classname="pets.PetsTest" time="1.198">
    <system-out><![CDATA[HTTP/1.1 200 OK
Date: Thu, 29 Feb 2024 10:50:57 GMT
Content-Type: application/json
Transfer-Encoding: chunked
Connection: keep-alive
Access-Control-Allow-Origin: *
Access-Control-Allow-Methods: GET, POST, DELETE, PUT
Access-Control-Allow-Headers: Content-Type, api_key, Authorization
Server: Jetty(9.2.9.v20150224)

{
    "id": 1593368350,
    "category": {
        "id": 1593368350,
        "name": "Denae"
    },
    "name": "Kim",
    "photoUrls": [
        "https://www.google.com/search?q=dog+photo&oq=dog+pho&gs_lcrp=EgZjaHJvbWUqCggAEAAYsQMYgAQyCggAEAAYsQMYgAQyBggBEEUYOTIHCAIQABiABDIHCAMQABiABDIHCAQQABiABDIHCAUQABiABDIHCAYQABiABDIKCAcQABixAxiABDIHCAgQABiABDIHCAkQABiABNIBCDU3OTVqMGo3qAIAsAIA&sourceid=chrome&ie=UTF-8#vhid=hluxPG6aiVLRrM&vssid=l"
    ],
    "tags": [
        {
            "id": 1593368350,
            "name": "Vonda"
        }
    ],
    "status": "available"
}
================Pets updated==================
]]></system-out>
  </testcase>
  <testcase name="findPetByIdTest" classname="pets.PetsTest" time="1.184">
    <system-out><![CDATA[HTTP/1.1 200 OK
Date: Thu, 29 Feb 2024 10:50:58 GMT
Content-Type: application/json
Transfer-Encoding: chunked
Connection: keep-alive
Access-Control-Allow-Origin: *
Access-Control-Allow-Methods: GET, POST, DELETE, PUT
Access-Control-Allow-Headers: Content-Type, api_key, Authorization
Server: Jetty(9.2.9.v20150224)

{
    "id": 1593368350,
    "category": {
        "id": 1593368350,
        "name": "Denae"
    },
    "name": "Kim",
    "photoUrls": [
        "https://www.google.com/search?q=dog+photo&oq=dog+pho&gs_lcrp=EgZjaHJvbWUqCggAEAAYsQMYgAQyCggAEAAYsQMYgAQyBggBEEUYOTIHCAIQABiABDIHCAMQABiABDIHCAQQABiABDIHCAUQABiABDIHCAYQABiABDIKCAcQABixAxiABDIHCAgQABiABDIHCAkQABiABNIBCDU3OTVqMGo3qAIAsAIA&sourceid=chrome&ie=UTF-8#vhid=hluxPG6aiVLRrM&vssid=l"
    ],
    "tags": [
        {
            "id": 1593368350,
            "name": "Vonda"
        }
    ],
    "status": "available"
}
================Pets found by ID==================
]]></system-out>
  </testcase>
  <testcase name="findPetWithFormDataTest" classname="pets.PetsTest" time="1.226">
    <system-out><![CDATA[HTTP/1.1 200 OK
Date: Thu, 29 Feb 2024 10:51:00 GMT
Content-Type: application/json
Transfer-Encoding: chunked
Connection: keep-alive
Access-Control-Allow-Origin: *
Access-Control-Allow-Methods: GET, POST, DELETE, PUT
Access-Control-Allow-Headers: Content-Type, api_key, Authorization
Server: Jetty(9.2.9.v20150224)

{
    "code": 200,
    "type": "unknown",
    "message": "1593368350"
}
================Pets found with formdata==================
]]></system-out>
  </testcase>
  <testcase name="deletePetTest" classname="pets.PetsTest" time="1.181">
    <system-out><![CDATA[HTTP/1.1 200 OK
Date: Thu, 29 Feb 2024 10:51:01 GMT
Content-Type: application/json
Transfer-Encoding: chunked
Connection: keep-alive
Access-Control-Allow-Origin: *
Access-Control-Allow-Methods: GET, POST, DELETE, PUT
Access-Control-Allow-Headers: Content-Type, api_key, Authorization
Server: Jetty(9.2.9.v20150224)

{
    "code": 200,
    "type": "unknown",
    "message": "1593368350"
}
================Pets deleted==================
]]></system-out>
  </testcase>
  <testcase name="placeOrderTest" classname="store.StoreTest" time="1.209">
    <system-out><![CDATA[HTTP/1.1 200 OK
Date: Thu, 29 Feb 2024 10:51:02 GMT
Content-Type: application/json
Transfer-Encoding: chunked
Connection: keep-alive
Access-Control-Allow-Origin: *
Access-Control-Allow-Methods: GET, POST, DELETE, PUT
Access-Control-Allow-Headers: Content-Type, api_key, Authorization
Server: Jetty(9.2.9.v20150224)

{
    "id": 477745299,
    "petId": 477745299,
    "quantity": 5,
    "shipDate": "2000-05-14T04:13:13.859+0000",
    "status": "placed",
    "complete": true
}
================Order placed==================
]]></system-out>
  </testcase>
  <testcase name="findPurchaseOrderTest" classname="store.StoreTest" time="1.21">
    <system-out><![CDATA[HTTP/1.1 200 OK
Date: Thu, 29 Feb 2024 10:51:03 GMT
Content-Type: application/json
Transfer-Encoding: chunked
Connection: keep-alive
Access-Control-Allow-Origin: *
Access-Control-Allow-Methods: GET, POST, DELETE, PUT
Access-Control-Allow-Headers: Content-Type, api_key, Authorization
Server: Jetty(9.2.9.v20150224)

{
    "id": 477745299,
    "petId": 477745299,
    "quantity": 5,
    "shipDate": "2000-05-14T04:13:13.859+0000",
    "status": "placed",
    "complete": true
}
================Purchase order found==================
]]></system-out>
  </testcase>
  <testcase name="readPetInventoriesTest" classname="store.StoreTest" time="1.181">
    <system-out><![CDATA[HTTP/1.1 200 OK
Date: Thu, 29 Feb 2024 10:51:04 GMT
Content-Type: application/json
Transfer-Encoding: chunked
Connection: keep-alive
Access-Control-Allow-Origin: *
Access-Control-Allow-Methods: GET, POST, DELETE, PUT
Access-Control-Allow-Headers: Content-Type, api_key, Authorization
Server: Jetty(9.2.9.v20150224)

{
    "sold": 143,
    "string": 308,
    "pending": 1,
    "available": 537
}
================Pets Inventories Read==================
]]></system-out>
  </testcase>
  <testcase name="deletePurchaseOrderTest" classname="store.StoreTest" time="1.189">
    <system-out><![CDATA[HTTP/1.1 200 OK
Date: Thu, 29 Feb 2024 10:51:06 GMT
Content-Type: application/json
Transfer-Encoding: chunked
Connection: keep-alive
Access-Control-Allow-Origin: *
Access-Control-Allow-Methods: GET, POST, DELETE, PUT
Access-Control-Allow-Headers: Content-Type, api_key, Authorization
Server: Jetty(9.2.9.v20150224)

{
    "code": 200,
    "type": "unknown",
    "message": "477745299"
}
================Purchase order deleted==================
]]></system-out>
  </testcase>
  <testcase name="createUserTest" classname="user.UserTest" time="1.221">
    <system-out><![CDATA[HTTP/1.1 200 OK
Date: Thu, 29 Feb 2024 10:51:07 GMT
Content-Type: application/json
Transfer-Encoding: chunked
Connection: keep-alive
Access-Control-Allow-Origin: *
Access-Control-Allow-Methods: GET, POST, DELETE, PUT
Access-Control-Allow-Headers: Content-Type, api_key, Authorization
Server: Jetty(9.2.9.v20150224)

{
    "code": 200,
    "type": "unknown",
    "message": "724611679"
}
================User added==================
]]></system-out>
  </testcase>
  <testcase name="loginUserTest" classname="user.UserTest" time="1.195">
    <system-out><![CDATA[HTTP/1.1 200 OK
Date: Thu, 29 Feb 2024 10:51:08 GMT
Content-Type: application/json
Transfer-Encoding: chunked
Connection: keep-alive
Access-Control-Allow-Origin: *
Access-Control-Allow-Methods: GET, POST, DELETE, PUT
Access-Control-Allow-Headers: Content-Type, api_key, Authorization
X-Expires-After: Thu Feb 29 11:51:08 UTC 2024
X-Rate-Limit: 5000
Server: Jetty(9.2.9.v20150224)

{
    "code": 200,
    "type": "unknown",
    "message": "logged in user session:1709203868607"
}
================User Logged in==================
]]></system-out>
  </testcase>
  <testcase name="createArrayOfUsersTest" classname="user.UserTest" time="1.197">
    <system-out><![CDATA[HTTP/1.1 200 OK
Date: Thu, 29 Feb 2024 10:51:09 GMT
Content-Type: application/json
Transfer-Encoding: chunked
Connection: keep-alive
Access-Control-Allow-Origin: *
Access-Control-Allow-Methods: GET, POST, DELETE, PUT
Access-Control-Allow-Headers: Content-Type, api_key, Authorization
Server: Jetty(9.2.9.v20150224)

{
    "code": 200,
    "type": "unknown",
    "message": "ok"
}
================User array added==================
]]></system-out>
  </testcase>
  <testcase name="createListOfUsersTest" classname="user.UserTest" time="1.184">
    <system-out><![CDATA[HTTP/1.1 200 OK
Date: Thu, 29 Feb 2024 10:51:10 GMT
Content-Type: application/json
Transfer-Encoding: chunked
Connection: keep-alive
Access-Control-Allow-Origin: *
Access-Control-Allow-Methods: GET, POST, DELETE, PUT
Access-Control-Allow-Headers: Content-Type, api_key, Authorization
Server: Jetty(9.2.9.v20150224)

{
    "code": 200,
    "type": "unknown",
    "message": "ok"
}
================Users List added==================
]]></system-out>
  </testcase>
  <testcase name="readUserTest" classname="user.UserTest" time="1.227">
    <system-out><![CDATA[HTTP/1.1 200 OK
Date: Thu, 29 Feb 2024 10:51:12 GMT
Content-Type: application/json
Transfer-Encoding: chunked
Connection: keep-alive
Access-Control-Allow-Origin: *
Access-Control-Allow-Methods: GET, POST, DELETE, PUT
Access-Control-Allow-Headers: Content-Type, api_key, Authorization
Server: Jetty(9.2.9.v20150224)

{
    "id": 724611679,
    "username": "george.hayes",
    "firstName": "Shera",
    "lastName": "Hilpert",
    "email": "bernardo.towne@gmail.com",
    "password": "zstsii0wqqjjp",
    "phone": "(793) 531-8924",
    "userStatus": 0
}
================Users read==================
]]></system-out>
  </testcase>
  <testcase name="updateUserTest" classname="user.UserTest" time="1.195">
    <system-out><![CDATA[HTTP/1.1 200 OK
Date: Thu, 29 Feb 2024 10:51:13 GMT
Content-Type: application/json
Transfer-Encoding: chunked
Connection: keep-alive
Access-Control-Allow-Origin: *
Access-Control-Allow-Methods: GET, POST, DELETE, PUT
Access-Control-Allow-Headers: Content-Type, api_key, Authorization
Server: Jetty(9.2.9.v20150224)

{
    "code": 200,
    "type": "unknown",
    "message": "724611679"
}
================User updated==================
]]></system-out>
  </testcase>
  <testcase name="logoutUserTest" classname="user.UserTest" time="1.175">
    <system-out><![CDATA[HTTP/1.1 200 OK
Date: Thu, 29 Feb 2024 10:51:14 GMT
Content-Type: application/json
Transfer-Encoding: chunked
Connection: keep-alive
Access-Control-Allow-Origin: *
Access-Control-Allow-Methods: GET, POST, DELETE, PUT
Access-Control-Allow-Headers: Content-Type, api_key, Authorization
Server: Jetty(9.2.9.v20150224)

{
    "code": 200,
    "type": "unknown",
    "message": "ok"
}
================User logout==================
]]></system-out>
  </testcase>
  <testcase name="deleteUserTest" classname="user.UserTest" time="1.212">
    <system-out><![CDATA[HTTP/1.1 200 OK
Date: Thu, 29 Feb 2024 10:51:15 GMT
Content-Type: application/json
Transfer-Encoding: chunked
Connection: keep-alive
Access-Control-Allow-Origin: *
Access-Control-Allow-Methods: GET, POST, DELETE, PUT
Access-Control-Allow-Headers: Content-Type, api_key, Authorization
Server: Jetty(9.2.9.v20150224)

{
    "code": 200,
    "type": "unknown",
    "message": "george.hayes"
}
================User deleted==================
]]></system-out>
  </testcase>
</testsuite>