<?xml version="1.0" encoding="UTF-8"?>
<testng-results ignored="2" total="21" passed="19" failed="0" skipped="0">
  <reporter-output>
  </reporter-output>
  <suite started-at="2024-02-29T10:50:51Z" name="Surefire suite" finished-at="2024-02-29T10:51:15Z" duration-ms="24831">
    <groups>
    </groups>
    <test started-at="2024-02-29T10:50:51Z" name="Surefire test" finished-at="2024-02-29T10:51:15Z" duration-ms="24831">
      <class name="user.UserTest">
        <test-method is-config="true" signature="bc()[pri:0, instance:user.UserTest@3590fc5b]" started-at="2024-02-29T10:51:06Z" name="bc" finished-at="2024-02-29T10:51:06Z" duration-ms="32" status="PASS">
          <reporter-output>
          </reporter-output>
        </test-method> <!-- bc -->
        <test-method signature="createUserTest()[pri:12, instance:user.UserTest@3590fc5b]" started-at="2024-02-29T10:51:06Z" name="createUserTest" finished-at="2024-02-29T10:51:07Z" duration-ms="1214" status="PASS">
          <reporter-output>
          </reporter-output>
        </test-method> <!-- createUserTest -->
        <test-method signature="loginUserTest()[pri:13, instance:user.UserTest@3590fc5b]" started-at="2024-02-29T10:51:07Z" name="loginUserTest" finished-at="2024-02-29T10:51:08Z" duration-ms="1197" status="PASS">
          <reporter-output>
          </reporter-output>
        </test-method> <!-- loginUserTest -->
        <test-method signature="createArrayOfUsersTest()[pri:14, instance:user.UserTest@3590fc5b]" started-at="2024-02-29T10:51:08Z" name="createArrayOfUsersTest" finished-at="2024-02-29T10:51:09Z" duration-ms="1191" status="PASS">
          <reporter-output>
          </reporter-output>
        </test-method> <!-- createArrayOfUsersTest -->
        <test-method signature="createListOfUsersTest()[pri:15, instance:user.UserTest@3590fc5b]" started-at="2024-02-29T10:51:09Z" name="createListOfUsersTest" finished-at="2024-02-29T10:51:11Z" duration-ms="1192" status="PASS">
          <reporter-output>
          </reporter-output>
        </test-method> <!-- createListOfUsersTest -->
        <test-method signature="readUserTest()[pri:16, instance:user.UserTest@3590fc5b]" started-at="2024-02-29T10:51:11Z" name="readUserTest" finished-at="2024-02-29T10:51:12Z" duration-ms="1225" status="PASS">
          <reporter-output>
          </reporter-output>
        </test-method> <!-- readUserTest -->
        <test-method signature="updateUserTest()[pri:17, instance:user.UserTest@3590fc5b]" started-at="2024-02-29T10:51:12Z" name="updateUserTest" finished-at="2024-02-29T10:51:13Z" duration-ms="1182" status="PASS">
          <reporter-output>
          </reporter-output>
        </test-method> <!-- updateUserTest -->
        <test-method signature="logoutUserTest()[pri:18, instance:user.UserTest@3590fc5b]" started-at="2024-02-29T10:51:13Z" name="logoutUserTest" finished-at="2024-02-29T10:51:14Z" duration-ms="1185" status="PASS">
          <reporter-output>
          </reporter-output>
        </test-method> <!-- logoutUserTest -->
        <test-method signature="deleteUserTest()[pri:19, instance:user.UserTest@3590fc5b]" started-at="2024-02-29T10:51:14Z" name="deleteUserTest" finished-at="2024-02-29T10:51:15Z" duration-ms="1204" status="PASS">
          <reporter-output>
          </reporter-output>
        </test-method> <!-- deleteUserTest -->
      </class> <!-- user.UserTest -->
      <class name="pets.PetsTest">
        <test-method is-config="true" signature="bs()[pri:0, instance:pets.PetsTest@78691363]" started-at="2024-02-29T10:50:50Z" name="bs" finished-at="2024-02-29T10:50:51Z" duration-ms="376" status="PASS">
          <reporter-output>
          </reporter-output>
        </test-method> <!-- bs -->
        <test-method is-config="true" signature="bc()[pri:0, instance:pets.PetsTest@78691363]" started-at="2024-02-29T10:50:51Z" name="bc" finished-at="2024-02-29T10:50:51Z" duration-ms="178" status="PASS">
          <reporter-output>
          </reporter-output>
        </test-method> <!-- bc -->
        <test-method signature="addPetTest()[pri:1, instance:pets.PetsTest@78691363]" started-at="2024-02-29T10:50:51Z" name="addPetTest" finished-at="2024-02-29T10:50:53Z" duration-ms="2438" status="PASS">
          <reporter-output>
          </reporter-output>
        </test-method> <!-- addPetTest -->
        <test-method signature="uploadPetImageTest()[pri:2, instance:pets.PetsTest@78691363]" started-at="2024-02-29T10:50:53Z" name="uploadPetImageTest" finished-at="2024-02-29T10:50:55Z" duration-ms="1515" status="PASS">
          <reporter-output>
          </reporter-output>
        </test-method> <!-- uploadPetImageTest -->
        <test-method signature="findPetByStatusTest()[pri:3, instance:pets.PetsTest@78691363]" started-at="2024-02-29T10:50:55Z" name="findPetByStatusTest" finished-at="2024-02-29T10:50:56Z" duration-ms="1216" status="PASS">
          <reporter-output>
          </reporter-output>
        </test-method> <!-- findPetByStatusTest -->
        <test-method signature="updatePetTest()[pri:4, instance:pets.PetsTest@78691363]" started-at="2024-02-29T10:50:56Z" name="updatePetTest" finished-at="2024-02-29T10:50:57Z" duration-ms="1197" status="PASS">
          <reporter-output>
          </reporter-output>
        </test-method> <!-- updatePetTest -->
        <test-method signature="findPetByIdTest()[pri:5, instance:pets.PetsTest@78691363]" started-at="2024-02-29T10:50:57Z" name="findPetByIdTest" finished-at="2024-02-29T10:50:58Z" duration-ms="1181" status="PASS">
          <reporter-output>
          </reporter-output>
        </test-method> <!-- findPetByIdTest -->
        <test-method signature="findPetWithFormDataTest()[pri:6, instance:pets.PetsTest@78691363]" started-at="2024-02-29T10:50:58Z" name="findPetWithFormDataTest" finished-at="2024-02-29T10:51:00Z" duration-ms="1231" status="PASS">
          <reporter-output>
          </reporter-output>
        </test-method> <!-- findPetWithFormDataTest -->
        <test-method signature="deletePetTest()[pri:7, instance:pets.PetsTest@78691363]" started-at="2024-02-29T10:51:00Z" name="deletePetTest" finished-at="2024-02-29T10:51:01Z" duration-ms="1180" status="PASS">
          <reporter-output>
          </reporter-output>
        </test-method> <!-- deletePetTest -->
      </class> <!-- pets.PetsTest -->
      <class name="store.StoreTest">
        <test-method is-config="true" signature="bc()[pri:0, instance:store.StoreTest@41d477ed]" started-at="2024-02-29T10:51:01Z" name="bc" finished-at="2024-02-29T10:51:01Z" duration-ms="45" status="PASS">
          <reporter-output>
          </reporter-output>
        </test-method> <!-- bc -->
        <test-method signature="placeOrderTest()[pri:8, instance:store.StoreTest@41d477ed]" started-at="2024-02-29T10:51:01Z" name="placeOrderTest" finished-at="2024-02-29T10:51:02Z" duration-ms="1198" status="PASS">
          <reporter-output>
          </reporter-output>
        </test-method> <!-- placeOrderTest -->
        <test-method signature="findPurchaseOrderTest()[pri:9, instance:store.StoreTest@41d477ed]" started-at="2024-02-29T10:51:02Z" name="findPurchaseOrderTest" finished-at="2024-02-29T10:51:03Z" duration-ms="1204" status="PASS">
          <reporter-output>
          </reporter-output>
        </test-method> <!-- findPurchaseOrderTest -->
        <test-method signature="readPetInventoriesTest()[pri:10, instance:store.StoreTest@41d477ed]" started-at="2024-02-29T10:51:03Z" name="readPetInventoriesTest" finished-at="2024-02-29T10:51:05Z" duration-ms="1184" status="PASS">
          <reporter-output>
          </reporter-output>
        </test-method> <!-- readPetInventoriesTest -->
        <test-method signature="deletePurchaseOrderTest()[pri:11, instance:store.StoreTest@41d477ed]" started-at="2024-02-29T10:51:05Z" name="deletePurchaseOrderTest" finished-at="2024-02-29T10:51:06Z" duration-ms="1194" status="PASS">
          <reporter-output>
          </reporter-output>
        </test-method> <!-- deletePurchaseOrderTest -->
      </class> <!-- store.StoreTest -->
    </test> <!-- Surefire test -->
  </suite> <!-- Surefire suite -->
</testng-results>
