<?xml version="1.0" encoding="UTF-8"?>
<!-- Generated by org.testng.reporters.JUnitXMLReporter -->
<testsuite ignored="2" hostname="TYSS-Akash-Deb" failures="0" tests="19" name="Surefire test" time="24.831" errors="0" timestamp="29 Feb 2024 10:51:16 GMT">
  <testcase classname="pets.PetsTest" name="addPetTest" time="2.438"/>
  <testcase classname="pets.PetsTest" name="uploadPetImageTest" time="1.515"/>
  <testcase classname="pets.PetsTest" name="findPetByStatusTest" time="1.216"/>
  <testcase classname="pets.PetsTest" name="updatePetTest" time="1.197"/>
  <testcase classname="pets.PetsTest" name="findPetByIdTest" time="1.181"/>
  <testcase classname="pets.PetsTest" name="findPetWithFormDataTest" time="1.231"/>
  <testcase classname="pets.PetsTest" name="deletePetTest" time="1.18"/>
  <testcase classname="store.StoreTest" name="placeOrderTest" time="1.198"/>
  <testcase classname="store.StoreTest" name="findPurchaseOrderTest" time="1.204"/>
  <testcase classname="store.StoreTest" name="readPetInventoriesTest" time="1.184"/>
  <testcase classname="store.StoreTest" name="deletePurchaseOrderTest" time="1.194"/>
  <testcase classname="user.UserTest" name="createUserTest" time="1.214"/>
  <testcase classname="user.UserTest" name="loginUserTest" time="1.197"/>
  <testcase classname="user.UserTest" name="createArrayOfUsersTest" time="1.191"/>
  <testcase classname="user.UserTest" name="createListOfUsersTest" time="1.192"/>
  <testcase classname="user.UserTest" name="readUserTest" time="1.225"/>
  <testcase classname="user.UserTest" name="updateUserTest" time="1.182"/>
  <testcase classname="user.UserTest" name="logoutUserTest" time="1.185"/>
  <testcase classname="user.UserTest" name="deleteUserTest" time="1.204"/>
  <testcase classname="utils.BaseClass" name="@BeforeSuite bs" time="0.0">
    <ignored/>
  </testcase> <!-- @BeforeSuite bs -->
  <testcase classname="utils.BaseClass" name="@BeforeSuite bs" time="0.0">
    <ignored/>
  </testcase> <!-- @BeforeSuite bs -->
</testsuite> <!-- Surefire test -->
