<?xml version="1.0" encoding="UTF-8"?>
<!-- Generated by org.testng.reporters.JUnitXMLReporter -->
<testsuite ignored="2" hostname="TYSS-Akash-Deb" failures="0" tests="19" name="Test" time="24.495" errors="0" timestamp="29 Feb 2024 10:26:06 GMT">
  <testcase classname="pets.PetsTest" name="addPetTest" time="2.115"/>
  <testcase classname="pets.PetsTest" name="uploadPetImageTest" time="1.552"/>
  <testcase classname="pets.PetsTest" name="findPetByStatusTest" time="1.221"/>
  <testcase classname="pets.PetsTest" name="updatePetTest" time="1.198"/>
  <testcase classname="pets.PetsTest" name="findPetByIdTest" time="1.215"/>
  <testcase classname="pets.PetsTest" name="findPetWithFormDataTest" time="1.206"/>
  <testcase classname="pets.PetsTest" name="deletePetTest" time="1.197"/>
  <testcase classname="store.StoreTest" name="placeOrderTest" time="1.266"/>
  <testcase classname="store.StoreTest" name="findPurchaseOrderTest" time="1.171"/>
  <testcase classname="store.StoreTest" name="readPetInventoriesTest" time="1.217"/>
  <testcase classname="store.StoreTest" name="deletePurchaseOrderTest" time="1.212"/>
  <testcase classname="user.UserTest" name="createUserTest" time="1.218"/>
  <testcase classname="user.UserTest" name="loginUserTest" time="1.222"/>
  <testcase classname="user.UserTest" name="createArrayOfUsersTest" time="1.181"/>
  <testcase classname="user.UserTest" name="createListOfUsersTest" time="1.219"/>
  <testcase classname="user.UserTest" name="readUserTest" time="1.202"/>
  <testcase classname="user.UserTest" name="updateUserTest" time="1.203"/>
  <testcase classname="user.UserTest" name="logoutUserTest" time="1.201"/>
  <testcase classname="user.UserTest" name="deleteUserTest" time="1.212"/>
  <testcase classname="utils.BaseClass" name="@BeforeSuite bs" time="0.0">
    <ignored/>
  </testcase> <!-- @BeforeSuite bs -->
  <testcase classname="utils.BaseClass" name="@BeforeSuite bs" time="0.0">
    <ignored/>
  </testcase> <!-- @BeforeSuite bs -->
</testsuite> <!-- Test -->
