<?xml version="1.0" encoding="UTF-8"?>
<!-- Generated by org.testng.reporters.JUnitXMLReporter -->
<testsuite ignored="0" hostname="TYSS-Akash-Deb" failures="0" tests="8" name="Default test" time="10.989" errors="0" timestamp="29 Feb 2024 12:14:03 GMT">
  <testcase classname="user.UserTest" name="createUserTest" time="2.014"/>
  <testcase classname="user.UserTest" name="loginUserTest" time="1.199"/>
  <testcase classname="user.UserTest" name="createArrayOfUsersTest" time="1.175"/>
  <testcase classname="user.UserTest" name="createListOfUsersTest" time="1.196"/>
  <testcase classname="user.UserTest" name="readUserTest" time="1.192"/>
  <testcase classname="user.UserTest" name="updateUserTest" time="1.195"/>
  <testcase classname="user.UserTest" name="logoutUserTest" time="1.137"/>
  <testcase classname="user.UserTest" name="deleteUserTest" time="1.207"/>
</testsuite> <!-- Default test -->
