<?xml version="1.0" encoding="UTF-8"?>
<testng-results ignored="0" total="8" passed="8" failed="0" skipped="0">
  <reporter-output>
  </reporter-output>
  <suite started-at="2024-02-29T12:13:51Z" name="Default suite" finished-at="2024-02-29T12:14:02Z" duration-ms="10989">
    <groups>
    </groups>
    <test started-at="2024-02-29T12:13:51Z" name="Default test" finished-at="2024-02-29T12:14:02Z" duration-ms="10989">
      <class name="user.UserTest">
        <test-method is-config="true" signature="bs()[pri:0, instance:user.UserTest@babafc2]" started-at="2024-02-29T12:13:51Z" name="bs" finished-at="2024-02-29T12:13:51Z" duration-ms="305" status="PASS">
          <reporter-output>
          </reporter-output>
        </test-method> <!-- bs -->
        <test-method is-config="true" signature="bc()[pri:0, instance:user.UserTest@babafc2]" started-at="2024-02-29T12:13:51Z" name="bc" finished-at="2024-02-29T12:13:52Z" duration-ms="485" status="PASS">
          <reporter-output>
          </reporter-output>
        </test-method> <!-- bc -->
        <test-method signature="createUserTest()[pri:12, instance:user.UserTest@babafc2]" started-at="2024-02-29T12:13:52Z" name="createUserTest" finished-at="2024-02-29T12:13:54Z" duration-ms="2014" status="PASS">
          <reporter-output>
          </reporter-output>
        </test-method> <!-- createUserTest -->
        <test-method signature="loginUserTest()[pri:13, instance:user.UserTest@babafc2]" started-at="2024-02-29T12:13:54Z" name="loginUserTest" finished-at="2024-02-29T12:13:55Z" duration-ms="1199" status="PASS">
          <reporter-output>
          </reporter-output>
        </test-method> <!-- loginUserTest -->
        <test-method signature="createArrayOfUsersTest()[pri:14, instance:user.UserTest@babafc2]" started-at="2024-02-29T12:13:55Z" name="createArrayOfUsersTest" finished-at="2024-02-29T12:13:56Z" duration-ms="1175" status="PASS">
          <reporter-output>
          </reporter-output>
        </test-method> <!-- createArrayOfUsersTest -->
        <test-method signature="createListOfUsersTest()[pri:15, instance:user.UserTest@babafc2]" started-at="2024-02-29T12:13:56Z" name="createListOfUsersTest" finished-at="2024-02-29T12:13:57Z" duration-ms="1196" status="PASS">
          <reporter-output>
          </reporter-output>
        </test-method> <!-- createListOfUsersTest -->
        <test-method signature="readUserTest()[pri:16, instance:user.UserTest@babafc2]" started-at="2024-02-29T12:13:57Z" name="readUserTest" finished-at="2024-02-29T12:13:59Z" duration-ms="1192" status="PASS">
          <reporter-output>
          </reporter-output>
        </test-method> <!-- readUserTest -->
        <test-method signature="updateUserTest()[pri:17, instance:user.UserTest@babafc2]" started-at="2024-02-29T12:13:59Z" name="updateUserTest" finished-at="2024-02-29T12:14:00Z" duration-ms="1195" status="PASS">
          <reporter-output>
          </reporter-output>
        </test-method> <!-- updateUserTest -->
        <test-method signature="logoutUserTest()[pri:18, instance:user.UserTest@babafc2]" started-at="2024-02-29T12:14:00Z" name="logoutUserTest" finished-at="2024-02-29T12:14:01Z" duration-ms="1137" status="PASS">
          <reporter-output>
          </reporter-output>
        </test-method> <!-- logoutUserTest -->
        <test-method signature="deleteUserTest()[pri:19, instance:user.UserTest@babafc2]" started-at="2024-02-29T12:14:01Z" name="deleteUserTest" finished-at="2024-02-29T12:14:02Z" duration-ms="1207" status="PASS">
          <reporter-output>
          </reporter-output>
        </test-method> <!-- deleteUserTest -->
      </class> <!-- user.UserTest -->
    </test> <!-- Default test -->
  </suite> <!-- Default suite -->
</testng-results>
